m=pm_base:399  POST https://lookerstudio.google.com/getCommunityVizRegistrationInfo?appVersion=20250727_0600 403 (Forbidden)
m @ m=pm_base:399
l.scheduleTask @ m=pm_base:343
onScheduleTask @ m=pm_base:339
l.scheduleTask @ m=pm_base:343
h.scheduleTask @ m=pm_base:336
h.scheduleMacroTask @ m=pm_base:337
(anonymous) @ m=pm_base:400
d.<computed> @ m=pm_base:356
(anonymous) @ m=pm_base:2127
w @ m=pm_base:2122
(anonymous) @ m=pm_base:2119
(anonymous) @ m=pm_base:2154
$digest @ m=pm_base:2165
(anonymous) @ m=pm_base:2169
e @ m=pm_base:2063
(anonymous) @ m=pm_base:2065
n.<computed> @ m=pm_base:391
l.invokeTask @ m=pm_base:343
onInvokeTask @ m=pm_base:547
l.invokeTask @ m=pm_base:343
h.runTask @ m=pm_base:335
m.invokeTask @ m=pm_base:345
invoke @ m=pm_base:345
m.args.<computed> @ m=pm_base:390
setTimeout
e @ m=pm_base:390
l.scheduleTask @ m=pm_base:343
onScheduleTask @ m=pm_base:339
l.scheduleTask @ m=pm_base:343
h.scheduleTask @ m=pm_base:336
h.scheduleMacroTask @ m=pm_base:337
(anonymous) @ m=pm_base:391
d.<computed> @ m=pm_base:356
Dg.h.defer @ m=pm_base:2065
$evalAsync @ m=pm_base:2169
(anonymous) @ m=pm_base:2152
k @ m=pm_base:2154
then @ m=pm_base:2157
r @ m=pm_base:2116
v @ m=pm_base:2118
v.<computed> @ m=pm_base:2123
_.lg_eG.execute @ m=pm_base:8072
_.lg_fG.execute @ m=pm_base:8072
(anonymous) @ m=pm_base:4740
l.invoke @ m=pm_base:342
onInvoke @ m=pm_base:547
l.invoke @ m=pm_base:342
h.run @ m=pm_base:333
(anonymous) @ m=pm_base:414
l.invokeTask @ m=pm_base:343
onInvokeTask @ m=pm_base:547
l.invokeTask @ m=pm_base:343
h.runTask @ m=pm_base:335
e @ m=pm_base:330
m.invokeTask @ m=pm_base:346
invoke @ m=pm_base:345
m.args.<computed> @ m=pm_base:390
setTimeout
e @ m=pm_base:390
l.scheduleTask @ m=pm_base:343
onScheduleTask @ m=pm_base:339
l.scheduleTask @ m=pm_base:343
h.scheduleTask @ m=pm_base:336
h.scheduleMacroTask @ m=pm_base:337
(anonymous) @ m=pm_base:391
d.<computed> @ m=pm_base:356
Dg.h.defer @ m=pm_base:2065
$evalAsync @ m=pm_base:2169
(anonymous) @ m=pm_base:2152
k @ m=pm_base:2154
then @ m=pm_base:2157
(anonymous) @ m=pm_base:4732
lg_jZb @ m=pm_base:7056
_.lg_3D @ m=pm_base:7054
lg_Goe @ m=syk,syc,syd,syy,sy1o,syl,sy8,sy1c,syg,syb,sy9,syf,syz,sy1n,sy1p,sy10,sym,sy1,sy1f,sy7,sya,syn,sy11,sy12,sy1g,syj,sy17,sy1w,sy23,sy5,sy1b,syh,sy14,sy1d,sy1e,sye,sy1i,sy1u,sy1v,sy1x,sy1s,sy1z,sys,sy15,sy2,sy6,syi,syq,sy19,syu,sy20,sy21,sy1t,sy1q,sy1k,sy22,sy24,sy18,syo,sy0,sy4,syp,sy13,syt,sy16,sy1a,sy1h,syw,sy1j,sy1m,sy1r,sy1y,sy1l,sy26,sy27,sy3,sy2s,sy2f,sy2r,sy2p,sy2t,sy2c,sy2b,sy2i,sy2o,sy2k,sy2v,syr,sy2l,syv,syx,sy25,sy28,sy29,sy2a,sy2d,sy2g,sy2m,sy2q,sy2w,sy3h,sy3i,sy3j,sy3k,sy3l,sy3m,pm_ng2report:14109
(anonymous) @ m=syk,syc,syd,syy,sy1o,syl,sy8,sy1c,syg,syb,sy9,syf,syz,sy1n,sy1p,sy10,sym,sy1,sy1f,sy7,sya,syn,sy11,sy12,sy1g,syj,sy17,sy1w,sy23,sy5,sy1b,syh,sy14,sy1d,sy1e,sye,sy1i,sy1u,sy1v,sy1x,sy1s,sy1z,sys,sy15,sy2,sy6,syi,syq,sy19,syu,sy20,sy21,sy1t,sy1q,sy1k,sy22,sy24,sy18,syo,sy0,sy4,syp,sy13,syt,sy16,sy1a,sy1h,syw,sy1j,sy1m,sy1r,sy1y,sy1l,sy26,sy27,sy3,sy2s,sy2f,sy2r,sy2p,sy2t,sy2c,sy2b,sy2i,sy2o,sy2k,sy2v,syr,sy2l,syv,syx,sy25,sy28,sy29,sy2a,sy2d,sy2g,sy2m,sy2q,sy2w,sy3h,sy3i,sy3j,sy3k,sy3l,sy3m,pm_ng2report:14119
lg_Tka @ m=pm_base:508
f @ m=pm_base:508
(anonymous) @ m=pm_base:2862
(anonymous) @ m=pm_base:2862
_.lg_.next @ m=pm_base:2861
(anonymous) @ m=pm_base:2864
(anonymous) @ m=pm_base:2977
_.lg_.onSubmit @ m=pm_base:4179
(anonymous) @ m=pm_base:4182
lg_Tka @ m=pm_base:508
f @ m=pm_base:508
(anonymous) @ m=pm_base:3152
l.invokeTask @ m=pm_base:343
onInvokeTask @ m=pm_base:547
l.invokeTask @ m=pm_base:343
h.runTask @ m=pm_base:335
m.invokeTask @ m=pm_base:345
p @ m=pm_base:370
e @ m=pm_base:360
q @ m=pm_base:370
m=pm_base:2962 ERROR config-not-found
_.lg_Of.handleError @ m=pm_base:2962
(anonymous) @ m=pm_base:637
l.invoke @ m=pm_base:342
h.run @ m=pm_base:333
(anonymous) @ m=pm_base:2982
lg_$na.Zd @ m=pm_base:636
(anonymous) @ m=pm_base:3090
lg_T2a.error @ m=pm_base:2862
(anonymous) @ m=pm_base:2862
_.lg_.error @ m=pm_base:2861
_.lg_.error @ m=pm_base:2864
error @ m=pm_base:307
lg_T2a.error @ m=pm_base:2862
(anonymous) @ m=pm_base:2862
_.lg_.error @ m=pm_base:2861
(anonymous) @ m=pm_base:2862
_.lg_.error @ m=pm_base:2861
(anonymous) @ m=pm_base:2862
_.lg_.error @ m=pm_base:2861
(anonymous) @ m=pm_base:270
l.invoke @ m=pm_base:342
onInvoke @ m=pm_base:547
l.invoke @ m=pm_base:342
h.run @ m=pm_base:333
(anonymous) @ m=pm_base:414
l.invokeTask @ m=pm_base:343
onInvokeTask @ m=pm_base:547
l.invokeTask @ m=pm_base:343
h.runTask @ m=pm_base:335
e @ m=pm_base:330
m.invokeTask @ m=pm_base:346
invoke @ m=pm_base:345
m.args.<computed> @ m=pm_base:390
setTimeout
e @ m=pm_base:390
l.scheduleTask @ m=pm_base:343
onScheduleTask @ m=pm_base:339
l.scheduleTask @ m=pm_base:343
h.scheduleTask @ m=pm_base:336
h.scheduleMacroTask @ m=pm_base:337
(anonymous) @ m=pm_base:391
d.<computed> @ m=pm_base:356
Dg.h.defer @ m=pm_base:2065
$evalAsync @ m=pm_base:2169
(anonymous) @ m=pm_base:2152
k @ m=pm_base:2154
p @ m=pm_base:2155
n @ m=pm_base:2155
w @ m=pm_base:2156
(anonymous) @ m=pm_base:4736
l.invoke @ m=pm_base:342
onInvoke @ m=pm_base:547
l.invoke @ m=pm_base:342
h.run @ m=pm_base:333
(anonymous) @ m=pm_base:414
l.invokeTask @ m=pm_base:343
onInvokeTask @ m=pm_base:547
l.invokeTask @ m=pm_base:343
h.runTask @ m=pm_base:335
e @ m=pm_base:330
m.invokeTask @ m=pm_base:346
p @ m=pm_base:370
e @ m=pm_base:360
q @ m=pm_base:370
XMLHttpRequest.send
m @ m=pm_base:399
l.scheduleTask @ m=pm_base:343
onScheduleTask @ m=pm_base:339
l.scheduleTask @ m=pm_base:343
h.scheduleTask @ m=pm_base:336
h.scheduleMacroTask @ m=pm_base:337
(anonymous) @ m=pm_base:400
d.<computed> @ m=pm_base:356
(anonymous) @ m=pm_base:2127
w @ m=pm_base:2122
(anonymous) @ m=pm_base:2119
(anonymous) @ m=pm_base:2154
$digest @ m=pm_base:2165
(anonymous) @ m=pm_base:2169
e @ m=pm_base:2063
(anonymous) @ m=pm_base:2065
n.<computed> @ m=pm_base:391
l.invokeTask @ m=pm_base:343
onInvokeTask @ m=pm_base:547
l.invokeTask @ m=pm_base:343
h.runTask @ m=pm_base:335
m.invokeTask @ m=pm_base:345
invoke @ m=pm_base:345
m.args.<computed> @ m=pm_base:390
setTimeout
e @ m=pm_base:390
l.scheduleTask @ m=pm_base:343
onScheduleTask @ m=pm_base:339
l.scheduleTask @ m=pm_base:343
h.scheduleTask @ m=pm_base:336
h.scheduleMacroTask @ m=pm_base:337
(anonymous) @ m=pm_base:391
d.<computed> @ m=pm_base:356
Dg.h.defer @ m=pm_base:2065
$evalAsync @ m=pm_base:2169
(anonymous) @ m=pm_base:2152
k @ m=pm_base:2154
then @ m=pm_base:2157
r @ m=pm_base:2116
v @ m=pm_base:2118
v.<computed> @ m=pm_base:2123
_.lg_eG.execute @ m=pm_base:8072
_.lg_fG.execute @ m=pm_base:8072
(anonymous) @ m=pm_base:4740
l.invoke @ m=pm_base:342
onInvoke @ m=pm_base:547
l.invoke @ m=pm_base:342
h.run @ m=pm_base:333
(anonymous) @ m=pm_base:414
l.invokeTask @ m=pm_base:343
onInvokeTask @ m=pm_base:547
l.invokeTask @ m=pm_base:343
h.runTask @ m=pm_base:335
e @ m=pm_base:330
m.invokeTask @ m=pm_base:346
invoke @ m=pm_base:345
m.args.<computed> @ m=pm_base:390
setTimeout
e @ m=pm_base:390
l.scheduleTask @ m=pm_base:343
onScheduleTask @ m=pm_base:339
l.scheduleTask @ m=pm_base:343
h.scheduleTask @ m=pm_base:336
h.scheduleMacroTask @ m=pm_base:337
(anonymous) @ m=pm_base:391
d.<computed> @ m=pm_base:356
Dg.h.defer @ m=pm_base:2065
$evalAsync @ m=pm_base:2169
(anonymous) @ m=pm_base:2152
k @ m=pm_base:2154
then @ m=pm_base:2157
(anonymous) @ m=pm_base:4732
lg_jZb @ m=pm_base:7056
_.lg_3D @ m=pm_base:7054
lg_Goe @ m=syk,syc,syd,syy,sy1o,syl,sy8,sy1c,syg,syb,sy9,syf,syz,sy1n,sy1p,sy10,sym,sy1,sy1f,sy7,sya,syn,sy11,sy12,sy1g,syj,sy17,sy1w,sy23,sy5,sy1b,syh,sy14,sy1d,sy1e,sye,sy1i,sy1u,sy1v,sy1x,sy1s,sy1z,sys,sy15,sy2,sy6,syi,syq,sy19,syu,sy20,sy21,sy1t,sy1q,sy1k,sy22,sy24,sy18,syo,sy0,sy4,syp,sy13,syt,sy16,sy1a,sy1h,syw,sy1j,sy1m,sy1r,sy1y,sy1l,sy26,sy27,sy3,sy2s,sy2f,sy2r,sy2p,sy2t,sy2c,sy2b,sy2i,sy2o,sy2k,sy2v,syr,sy2l,syv,syx,sy25,sy28,sy29,sy2a,sy2d,sy2g,sy2m,sy2q,sy2w,sy3h,sy3i,sy3j,sy3k,sy3l,sy3m,pm_ng2report:14109
(anonymous) @ m=syk,syc,syd,syy,sy1o,syl,sy8,sy1c,syg,syb,sy9,syf,syz,sy1n,sy1p,sy10,sym,sy1,sy1f,sy7,sya,syn,sy11,sy12,sy1g,syj,sy17,sy1w,sy23,sy5,sy1b,syh,sy14,sy1d,sy1e,sye,sy1i,sy1u,sy1v,sy1x,sy1s,sy1z,sys,sy15,sy2,sy6,syi,syq,sy19,syu,sy20,sy21,sy1t,sy1q,sy1k,sy22,sy24,sy18,syo,sy0,sy4,syp,sy13,syt,sy16,sy1a,sy1h,syw,sy1j,sy1m,sy1r,sy1y,sy1l,sy26,sy27,sy3,sy2s,sy2f,sy2r,sy2p,sy2t,sy2c,sy2b,sy2i,sy2o,sy2k,sy2v,syr,sy2l,syv,syx,sy25,sy28,sy29,sy2a,sy2d,sy2g,sy2m,sy2q,sy2w,sy3h,sy3i,sy3j,sy3k,sy3l,sy3m,pm_ng2report:14119
lg_Tka @ m=pm_base:508
f @ m=pm_base:508
(anonymous) @ m=pm_base:2862
(anonymous) @ m=pm_base:2862
_.lg_.next @ m=pm_base:2861
(anonymous) @ m=pm_base:2864
(anonymous) @ m=pm_base:2977
_.lg_.onSubmit @ m=pm_base:4179
(anonymous) @ m=pm_base:4182
lg_Tka @ m=pm_base:508
f @ m=pm_base:508
(anonymous) @ m=pm_base:3152
l.invokeTask @ m=pm_base:343
onInvokeTask @ m=pm_base:547
l.invokeTask @ m=pm_base:343
h.runTask @ m=pm_base:335
m.invokeTask @ m=pm_base:345
p @ m=pm_base:370
e @ m=pm_base:360
q @ m=pm_base:370
